\BOOKMARK [0][-]{chapter*.2}{Vorwort}{}
\BOOKMARK [0][-]{chapter.1}{Einleitung}{}
\BOOKMARK [0][-]{chapter.2}{Mathematische Grundlagen}{}
\BOOKMARK [1][-]{section.2.1}{Vektoren}{chapter.2}
\BOOKMARK [1][-]{section.2.2}{Matrizen}{chapter.2}
\BOOKMARK [2][-]{subsection.2.2.1}{Addition}{section.2.2}
\BOOKMARK [2][-]{subsection.2.2.2}{Multiplikation}{section.2.2}
\BOOKMARK [2][-]{subsection.2.2.3}{Transformation von Vektoren}{section.2.2}
\BOOKMARK [2][-]{subsection.2.2.4}{Transposition}{section.2.2}
\BOOKMARK [2][-]{subsection.2.2.5}{Determinante}{section.2.2}
\BOOKMARK [2][-]{subsection.2.2.6}{Inverse Matrix}{section.2.2}
\BOOKMARK [1][-]{section.2.3}{Quaternionen}{chapter.2}
\BOOKMARK [0][-]{chapter.3}{Grundlagen der 3D-Grafik}{}
\BOOKMARK [1][-]{section.3.1}{Modellierung}{chapter.3}
\BOOKMARK [2][-]{subsection.3.1.1}{Geometrie}{section.3.1}
\BOOKMARK [2][-]{subsection.3.1.2}{Oberfl\344cheneigenschaften}{section.3.1}
\BOOKMARK [2][-]{subsection.3.1.3}{Texturen}{section.3.1}
\BOOKMARK [1][-]{section.3.2}{Rendering}{chapter.3}
\BOOKMARK [2][-]{subsection.3.2.1}{Koordinatentransformationen}{section.3.2}
\BOOKMARK [2][-]{subsection.3.2.2}{Rasterung}{section.3.2}
\BOOKMARK [1][-]{section.3.3}{Umsetzung in Hardware}{chapter.3}
\BOOKMARK [0][-]{chapter.4}{3D-Transformationen}{}
\BOOKMARK [1][-]{section.4.1}{Skalierung}{chapter.4}
\BOOKMARK [1][-]{section.4.2}{Translation}{chapter.4}
\BOOKMARK [1][-]{section.4.3}{Rotation}{chapter.4}
\BOOKMARK [2][-]{subsection.4.3.1}{Rotation um die Koordinatenachsen}{section.4.3}
\BOOKMARK [2][-]{subsection.4.3.2}{Eulersche Winkel}{section.4.3}
\BOOKMARK [2][-]{subsection.4.3.3}{Herleitung \374ber transformierte Basisvektoren}{section.4.3}
\BOOKMARK [2][-]{subsection.4.3.4}{Darstellung als Quaternion}{section.4.3}
\BOOKMARK [0][-]{chapter.5}{Betrachtungstransformationen}{}
\BOOKMARK [1][-]{section.5.1}{View Matrix}{chapter.5}
\BOOKMARK [1][-]{section.5.2}{Projection Matrix}{chapter.5}
\BOOKMARK [0][-]{appendix.A}{Beispielprogramm}{}
